<?xml version="1.0" encoding="UTF-8"?>
<testsuite xmlns:xsi="http://www.w3.org/2001/XMLSchema-instance" xsi:noNamespaceSchemaLocation="https://maven.apache.org/surefire/maven-surefire-plugin/xsd/surefire-test-report.xsd" name="org.example.BankAccountServiceImplTest" time="1.047" tests="33" errors="0" skipped="0" failures="0">
  <properties>
    <property name="java.specification.version" value="19"/>
    <property name="sun.cpu.isalist" value="amd64"/>
    <property name="sun.jnu.encoding" value="Cp1251"/>
    <property name="java.class.path" value="C:\Users\zaxar\IdeaProjects\BankAccountService\target\test-classes;C:\Users\zaxar\IdeaProjects\BankAccountService\target\classes;C:\Users\zaxar\.m2\repository\org\junit\jupiter\junit-jupiter-api\5.8.2\junit-jupiter-api-5.8.2.jar;C:\Users\zaxar\.m2\repository\org\opentest4j\opentest4j\1.2.0\opentest4j-1.2.0.jar;C:\Users\zaxar\.m2\repository\org\junit\platform\junit-platform-commons\1.8.2\junit-platform-commons-1.8.2.jar;C:\Users\zaxar\.m2\repository\org\apiguardian\apiguardian-api\1.1.2\apiguardian-api-1.1.2.jar;C:\Users\zaxar\.m2\repository\org\junit\jupiter\junit-jupiter-engine\5.8.2\junit-jupiter-engine-5.8.2.jar;C:\Users\zaxar\.m2\repository\org\junit\platform\junit-platform-engine\1.8.2\junit-platform-engine-1.8.2.jar;C:\Users\zaxar\.m2\repository\org\mockito\mockito-core\4.5.1\mockito-core-4.5.1.jar;C:\Users\zaxar\.m2\repository\net\bytebuddy\byte-buddy\1.12.9\byte-buddy-1.12.9.jar;C:\Users\zaxar\.m2\repository\net\bytebuddy\byte-buddy-agent\1.12.9\byte-buddy-agent-1.12.9.jar;C:\Users\zaxar\.m2\repository\org\objenesis\objenesis\3.2\objenesis-3.2.jar;C:\Users\zaxar\.m2\repository\org\mockito\mockito-junit-jupiter\4.5.1\mockito-junit-jupiter-4.5.1.jar;C:\Users\zaxar\.m2\repository\org\threeten\threetenbp\1.6.8\threetenbp-1.6.8.jar;C:\Users\zaxar\.m2\repository\org\springframework\spring-beans\6.0.6\spring-beans-6.0.6.jar;C:\Users\zaxar\.m2\repository\org\springframework\spring-core\6.0.6\spring-core-6.0.6.jar;C:\Users\zaxar\.m2\repository\org\springframework\spring-jcl\6.0.6\spring-jcl-6.0.6.jar;C:\Users\zaxar\.m2\repository\org\springframework\boot\spring-boot-starter\3.0.4\spring-boot-starter-3.0.4.jar;C:\Users\zaxar\.m2\repository\org\springframework\boot\spring-boot\3.0.4\spring-boot-3.0.4.jar;C:\Users\zaxar\.m2\repository\org\springframework\spring-context\6.0.6\spring-context-6.0.6.jar;C:\Users\zaxar\.m2\repository\org\springframework\spring-aop\6.0.6\spring-aop-6.0.6.jar;C:\Users\zaxar\.m2\repository\org\springframework\spring-expression\6.0.6\spring-expression-6.0.6.jar;C:\Users\zaxar\.m2\repository\org\springframework\boot\spring-boot-autoconfigure\3.0.4\spring-boot-autoconfigure-3.0.4.jar;C:\Users\zaxar\.m2\repository\org\springframework\boot\spring-boot-starter-logging\3.0.4\spring-boot-starter-logging-3.0.4.jar;C:\Users\zaxar\.m2\repository\org\apache\logging\log4j\log4j-to-slf4j\2.19.0\log4j-to-slf4j-2.19.0.jar;C:\Users\zaxar\.m2\repository\org\apache\logging\log4j\log4j-api\2.19.0\log4j-api-2.19.0.jar;C:\Users\zaxar\.m2\repository\org\slf4j\jul-to-slf4j\2.0.6\jul-to-slf4j-2.0.6.jar;C:\Users\zaxar\.m2\repository\jakarta\annotation\jakarta.annotation-api\2.1.1\jakarta.annotation-api-2.1.1.jar;C:\Users\zaxar\.m2\repository\org\yaml\snakeyaml\1.33\snakeyaml-1.33.jar;C:\Users\zaxar\.m2\repository\org\junit\jupiter\junit-jupiter-params\5.8.2\junit-jupiter-params-5.8.2.jar;C:\Users\zaxar\.m2\repository\org\codehaus\plexus\plexus-utils\1.5.10\plexus-utils-1.5.10.jar;C:\Users\zaxar\.m2\repository\org\slf4j\slf4j-api\2.0.12\slf4j-api-2.0.12.jar;C:\Users\zaxar\.m2\repository\ch\qos\logback\logback-classic\1.4.14\logback-classic-1.4.14.jar;C:\Users\zaxar\.m2\repository\ch\qos\logback\logback-core\1.4.14\logback-core-1.4.14.jar;"/>
    <property name="java.vm.vendor" value="Oracle Corporation"/>
    <property name="sun.arch.data.model" value="64"/>
    <property name="user.variant" value=""/>
    <property name="java.vendor.url" value="https://java.oracle.com/"/>
    <property name="user.timezone" value="Europe/Moscow"/>
    <property name="os.name" value="Windows 10"/>
    <property name="java.vm.specification.version" value="19"/>
    <property name="sun.java.launcher" value="SUN_STANDARD"/>
    <property name="user.country" value="RU"/>
    <property name="sun.boot.library.path" value="C:\Program Files\Java\jdk-19\bin"/>
    <property name="sun.java.command" value="C:\Users\zaxar\AppData\Local\Temp\surefire4566112019160811621\surefirebooter3124323530352892396.jar C:\Users\zaxar\AppData\Local\Temp\surefire4566112019160811621 2025-05-22T17-00-43_765-jvmRun1 surefire14784471231885694433tmp surefire_017690087356578898025tmp"/>
    <property name="jdk.debug" value="release"/>
    <property name="surefire.test.class.path" value="C:\Users\zaxar\IdeaProjects\BankAccountService\target\test-classes;C:\Users\zaxar\IdeaProjects\BankAccountService\target\classes;C:\Users\zaxar\.m2\repository\org\junit\jupiter\junit-jupiter-api\5.8.2\junit-jupiter-api-5.8.2.jar;C:\Users\zaxar\.m2\repository\org\opentest4j\opentest4j\1.2.0\opentest4j-1.2.0.jar;C:\Users\zaxar\.m2\repository\org\junit\platform\junit-platform-commons\1.8.2\junit-platform-commons-1.8.2.jar;C:\Users\zaxar\.m2\repository\org\apiguardian\apiguardian-api\1.1.2\apiguardian-api-1.1.2.jar;C:\Users\zaxar\.m2\repository\org\junit\jupiter\junit-jupiter-engine\5.8.2\junit-jupiter-engine-5.8.2.jar;C:\Users\zaxar\.m2\repository\org\junit\platform\junit-platform-engine\1.8.2\junit-platform-engine-1.8.2.jar;C:\Users\zaxar\.m2\repository\org\mockito\mockito-core\4.5.1\mockito-core-4.5.1.jar;C:\Users\zaxar\.m2\repository\net\bytebuddy\byte-buddy\1.12.9\byte-buddy-1.12.9.jar;C:\Users\zaxar\.m2\repository\net\bytebuddy\byte-buddy-agent\1.12.9\byte-buddy-agent-1.12.9.jar;C:\Users\zaxar\.m2\repository\org\objenesis\objenesis\3.2\objenesis-3.2.jar;C:\Users\zaxar\.m2\repository\org\mockito\mockito-junit-jupiter\4.5.1\mockito-junit-jupiter-4.5.1.jar;C:\Users\zaxar\.m2\repository\org\threeten\threetenbp\1.6.8\threetenbp-1.6.8.jar;C:\Users\zaxar\.m2\repository\org\springframework\spring-beans\6.0.6\spring-beans-6.0.6.jar;C:\Users\zaxar\.m2\repository\org\springframework\spring-core\6.0.6\spring-core-6.0.6.jar;C:\Users\zaxar\.m2\repository\org\springframework\spring-jcl\6.0.6\spring-jcl-6.0.6.jar;C:\Users\zaxar\.m2\repository\org\springframework\boot\spring-boot-starter\3.0.4\spring-boot-starter-3.0.4.jar;C:\Users\zaxar\.m2\repository\org\springframework\boot\spring-boot\3.0.4\spring-boot-3.0.4.jar;C:\Users\zaxar\.m2\repository\org\springframework\spring-context\6.0.6\spring-context-6.0.6.jar;C:\Users\zaxar\.m2\repository\org\springframework\spring-aop\6.0.6\spring-aop-6.0.6.jar;C:\Users\zaxar\.m2\repository\org\springframework\spring-expression\6.0.6\spring-expression-6.0.6.jar;C:\Users\zaxar\.m2\repository\org\springframework\boot\spring-boot-autoconfigure\3.0.4\spring-boot-autoconfigure-3.0.4.jar;C:\Users\zaxar\.m2\repository\org\springframework\boot\spring-boot-starter-logging\3.0.4\spring-boot-starter-logging-3.0.4.jar;C:\Users\zaxar\.m2\repository\org\apache\logging\log4j\log4j-to-slf4j\2.19.0\log4j-to-slf4j-2.19.0.jar;C:\Users\zaxar\.m2\repository\org\apache\logging\log4j\log4j-api\2.19.0\log4j-api-2.19.0.jar;C:\Users\zaxar\.m2\repository\org\slf4j\jul-to-slf4j\2.0.6\jul-to-slf4j-2.0.6.jar;C:\Users\zaxar\.m2\repository\jakarta\annotation\jakarta.annotation-api\2.1.1\jakarta.annotation-api-2.1.1.jar;C:\Users\zaxar\.m2\repository\org\yaml\snakeyaml\1.33\snakeyaml-1.33.jar;C:\Users\zaxar\.m2\repository\org\junit\jupiter\junit-jupiter-params\5.8.2\junit-jupiter-params-5.8.2.jar;C:\Users\zaxar\.m2\repository\org\codehaus\plexus\plexus-utils\1.5.10\plexus-utils-1.5.10.jar;C:\Users\zaxar\.m2\repository\org\slf4j\slf4j-api\2.0.12\slf4j-api-2.0.12.jar;C:\Users\zaxar\.m2\repository\ch\qos\logback\logback-classic\1.4.14\logback-classic-1.4.14.jar;C:\Users\zaxar\.m2\repository\ch\qos\logback\logback-core\1.4.14\logback-core-1.4.14.jar;"/>
    <property name="sun.cpu.endian" value="little"/>
    <property name="user.home" value="C:\Users\zaxar"/>
    <property name="user.language" value="ru"/>
    <property name="java.specification.vendor" value="Oracle Corporation"/>
    <property name="java.version.date" value="2022-10-18"/>
    <property name="java.home" value="C:\Program Files\Java\jdk-19"/>
    <property name="file.separator" value="\"/>
    <property name="basedir" value="C:\Users\zaxar\IdeaProjects\BankAccountService"/>
    <property name="java.vm.compressedOopsMode" value="Zero based"/>
    <property name="line.separator" value="&#10;"/>
    <property name="java.vm.specification.vendor" value="Oracle Corporation"/>
    <property name="java.specification.name" value="Java Platform API Specification"/>
    <property name="surefire.real.class.path" value="C:\Users\zaxar\AppData\Local\Temp\surefire4566112019160811621\surefirebooter3124323530352892396.jar"/>
    <property name="user.script" value=""/>
    <property name="sun.management.compiler" value="HotSpot 64-Bit Tiered Compilers"/>
    <property name="java.runtime.version" value="19.0.1+10-21"/>
    <property name="user.name" value="user"/>
    <property name="stdout.encoding" value="Cp1251"/>
    <property name="path.separator" value=";"/>
    <property name="os.version" value="10.0"/>
    <property name="java.runtime.name" value="Java(TM) SE Runtime Environment"/>
    <property name="file.encoding" value="UTF-8"/>
    <property name="java.vm.name" value="Java HotSpot(TM) 64-Bit Server VM"/>
    <property name="localRepository" value="C:\Users\zaxar\.m2\repository"/>
    <property name="java.vendor.url.bug" value="https://bugreport.java.com/bugreport/"/>
    <property name="java.io.tmpdir" value="C:\Users\zaxar\AppData\Local\Temp\"/>
    <property name="java.version" value="19.0.1"/>
    <property name="user.dir" value="C:\Users\zaxar\IdeaProjects\BankAccountService"/>
    <property name="os.arch" value="amd64"/>
    <property name="java.vm.specification.name" value="Java Virtual Machine Specification"/>
    <property name="sun.os.patch.level" value=""/>
    <property name="native.encoding" value="Cp1251"/>
    <property name="java.library.path" value="C:\Program Files\Java\jdk-19\bin;C:\WINDOWS\Sun\Java\bin;C:\WINDOWS\system32;C:\WINDOWS;C:\Python311\Scripts\;C:\Python311\;C:\Program Files\Java\jdk-19\bin;C:\Program Files (x86)\Razer Chroma SDK\bin;C:\Program Files\Razer Chroma SDK\bin;C:\Program Files (x86)\Razer\ChromaBroadcast\bin;C:\Program Files\Razer\ChromaBroadcast\bin;C:\WINDOWS\system32;C:\WINDOWS;C:\WINDOWS\System32\Wbem;C:\WINDOWS\System32\WindowsPowerShell\v1.0\;C:\WINDOWS\System32\OpenSSH\;C:\Users\zaxar\AppData\Local\Microsoft\WindowsApps;C:\WINDOWS\system32\config\systemprofile\AppData\Local\Microsoft\WindowsApps;C:\Program Files\Java\jdk-19\bin;C:\Program Files\maven\bin;C:\Program Files\maven\bin;C:\Program Files (x86)\NVIDIA Corporation\PhysX\Common;C:\ProgramData\chocolatey\bin;C:\Program Files\nodejs\;C:\WINDOWS\system32\wbem;D:\Mobile;C:\Program Files\Git\cmd;C:\Program Files\NVIDIA Corporation\NVIDIA app\NvDLISR;C:\Program Files\PostgreSQL\17\bin;C:\Program Files\MySQL\MySQL Shell 8.0\bin\;C:\Users\zaxar\AppData\Local\Microsoft\WindowsApps;C:\Users\zaxar\AppData\Local\Programs\Microsoft VS Code\bin;C:\Users\zaxar\AppData\Roaming\npm;C:\Users\zaxar\AppData\Local\GitHubDesktop\bin;C:\Users\zaxar\PyCharm 2024.1.1\bin;;."/>
    <property name="java.vm.info" value="mixed mode, sharing"/>
    <property name="stderr.encoding" value="Cp1251"/>
    <property name="java.vendor" value="Oracle Corporation"/>
    <property name="java.vm.version" value="19.0.1+10-21"/>
    <property name="sun.io.unicode.encoding" value="UnicodeLittle"/>
    <property name="java.class.version" value="63.0"/>
  </properties>
  <testcase name="transfer_SameAccount_ThrowsIllegalArgumentException" classname="org.example.BankAccountServiceImplTest" time="0.82"/>
  <testcase name="withdraw_EntireBalance_Success" classname="org.example.BankAccountServiceImplTest" time="0.02"/>
  <testcase name="freezeAccount_SetsAccountToFrozen" classname="org.example.BankAccountServiceImplTest" time="0.01"/>
  <testcase name="transfer_ValidAmount_TransfersBetweenAccounts" classname="org.example.BankAccountServiceImplTest" time="0.004"/>
  <testcase name="getBalance_NonExistingAccount_ThrowsException" classname="org.example.BankAccountServiceImplTest" time="0.003"/>
  <testcase name="getTransactionHistory_NonExistingAccount_ReturnsEmptyList" classname="org.example.BankAccountServiceImplTest" time="0.002"/>
  <testcase name="deposit_ValidAmount_IncreasesBalance" classname="org.example.BankAccountServiceImplTest" time="0.003"/>
  <testcase name="withdraw_InsufficientFunds_ThrowsException" classname="org.example.BankAccountServiceImplTest" time="0.004"/>
  <testcase name="applyInterest_LogsTransaction" classname="org.example.BankAccountServiceImplTest" time="0.061"/>
  <testcase name="deposit_NonPositiveAmount_ThrowsIllegalArgumentException{double}[1]" classname="org.example.BankAccountServiceImplTest" time="0.023"/>
  <testcase name="deposit_NonPositiveAmount_ThrowsIllegalArgumentException{double}[2]" classname="org.example.BankAccountServiceImplTest" time="0.001"/>
  <testcase name="deposit_NonPositiveAmount_ThrowsIllegalArgumentException{double}[3]" classname="org.example.BankAccountServiceImplTest" time="0.001"/>
  <testcase name="applyInterest_InvalidRate_ThrowsException" classname="org.example.BankAccountServiceImplTest" time="0.004"/>
  <testcase name="applyInterest_InvalidRate_ThrowsException{double}[1]" classname="org.example.BankAccountServiceImplTest" time="0.002"/>
  <testcase name="applyInterest_InvalidRate_ThrowsException{double}[2]" classname="org.example.BankAccountServiceImplTest" time="0.001"/>
  <testcase name="applyInterest_ValidRate_CreatesTransactionWithCorrectTimestamp" classname="org.example.BankAccountServiceImplTest" time="0.005"/>
  <testcase name="createAccount_ZeroInitialBalance_Success" classname="org.example.BankAccountServiceImplTest" time="0.001"/>
  <testcase name="deposit_NullAccountId_ThrowsNullPointerException" classname="org.example.BankAccountServiceImplTest" time="0.002"/>
  <testcase name="getAllAccounts_ReturnsAllAccounts" classname="org.example.BankAccountServiceImplTest" time="0.002"/>
  <testcase name="setBalance_NegativeValue_ThrowsException" classname="org.example.BankAccountServiceImplTest" time="0.001"/>
  <testcase name="createAccount_NegativeInitialBalance_ThrowsException" classname="org.example.BankAccountServiceImplTest" time="0.002"/>
  <testcase name="deposit_ToFrozenAccount_ThrowsException" classname="org.example.BankAccountServiceImplTest" time="0.002"/>
  <testcase name="unfreezeAccount_SetsAccountToUnfrozen" classname="org.example.BankAccountServiceImplTest" time="0.002"/>
  <testcase name="withdraw_ValidAmount_DecreasesBalance" classname="org.example.BankAccountServiceImplTest" time="0.001"/>
  <testcase name="withdraw_FromFrozenAccount_ThrowsException" classname="org.example.BankAccountServiceImplTest" time="0.002"/>
  <testcase name="transfer_ExactlyAvailableBalance_Success" classname="org.example.BankAccountServiceImplTest" time="0.003"/>
  <testcase name="applyInterest_ValidRate_AppliesInterest" classname="org.example.BankAccountServiceImplTest" time="0.003"/>
  <testcase name="createAccount_ValidData_ReturnsAccountAndSavesIt" classname="org.example.BankAccountServiceImplTest" time="0.001"/>
  <testcase name="transfer_NullArguments_ThrowsException" classname="org.example.BankAccountServiceImplTest" time="0.001"/>
  <testcase name="deposit_NonExistingAccount_ThrowsException" classname="org.example.BankAccountServiceImplTest" time="0.002"/>
  <testcase name="transfer_LogsTransactionAttempt" classname="org.example.BankAccountServiceImplTest" time="0.002"/>
  <testcase name="getTransactionHistory_ReturnsTransactionsForAccount" classname="org.example.BankAccountServiceImplTest" time="0.001"/>
  <testcase name="transfer_InsufficientFunds_ThrowsException" classname="org.example.BankAccountServiceImplTest" time="0.002"/>
</testsuite>